c:\users\student\desktop\作業中\rakugaki_cleaner_α\release\vc140.pdb
c:\users\student\desktop\作業中\rakugaki_cleaner_α\release\player_marker.obj
c:\users\student\desktop\作業中\rakugaki_cleaner_α\release\mode_select_logo.obj
c:\users\student\desktop\作業中\rakugaki_cleaner_α\release\mode_select.obj
c:\users\student\desktop\作業中\rakugaki_cleaner_α\release\mode_logo.obj
c:\users\student\desktop\作業中\rakugaki_cleaner_α\release\light.obj
c:\users\student\desktop\作業中\rakugaki_cleaner_α\release\input_keyboard.obj
c:\users\student\desktop\作業中\rakugaki_cleaner_α\release\input_joypad.obj
c:\users\student\desktop\作業中\rakugaki_cleaner_α\release\input.obj
c:\users\student\desktop\作業中\rakugaki_cleaner_α\release\graffiti.obj
c:\users\student\desktop\作業中\rakugaki_cleaner_α\release\gauge.obj
c:\users\student\desktop\作業中\rakugaki_cleaner_α\release\game.obj
c:\users\student\desktop\作業中\rakugaki_cleaner_α\release\floor.obj
c:\users\student\desktop\作業中\rakugaki_cleaner_α\release\fade.obj
c:\users\student\desktop\作業中\rakugaki_cleaner_α\release\eraserdust.obj
c:\users\student\desktop\作業中\rakugaki_cleaner_α\release\eraser.obj
c:\users\student\desktop\作業中\rakugaki_cleaner_α\release\debugproc.obj
c:\users\student\desktop\作業中\rakugaki_cleaner_α\release\countdown.obj
c:\users\student\desktop\作業中\rakugaki_cleaner_α\release\camera.obj
c:\users\student\desktop\作業中\rakugaki_cleaner_α\release\bg.obj
c:\users\student\desktop\作業中\rakugaki_cleaner_α\release\base.obj
c:\users\student\desktop\作業中\rakugaki_cleaner_α\release\scoregauge.obj
c:\users\student\desktop\作業中\rakugaki_cleaner_α\release\score.obj
c:\users\student\desktop\作業中\rakugaki_cleaner_α\release\scenex.obj
c:\users\student\desktop\作業中\rakugaki_cleaner_α\release\scenemeshfield.obj
c:\users\student\desktop\作業中\rakugaki_cleaner_α\release\scenebillboard.obj
c:\users\student\desktop\作業中\rakugaki_cleaner_α\release\scene3d.obj
c:\users\student\desktop\作業中\rakugaki_cleaner_α\release\scene2d.obj
c:\users\student\desktop\作業中\rakugaki_cleaner_α\release\scene.obj
c:\users\student\desktop\作業中\rakugaki_cleaner_α\release\result.obj
c:\users\student\desktop\作業中\rakugaki_cleaner_α\release\renderer.obj
c:\users\student\desktop\作業中\rakugaki_cleaner_α\release\player.obj
c:\users\student\desktop\作業中\rakugaki_cleaner_α\release\pause.obj
c:\users\student\desktop\作業中\rakugaki_cleaner_α\release\number.obj
c:\users\student\desktop\作業中\rakugaki_cleaner_α\release\motion.obj
c:\users\student\desktop\作業中\rakugaki_cleaner_α\release\model.obj
c:\users\student\desktop\作業中\rakugaki_cleaner_α\release\manager.obj
c:\users\student\desktop\作業中\rakugaki_cleaner_α\release\main.obj
c:\users\student\desktop\作業中\rakugaki_cleaner_α\release\set_game.obj
c:\users\student\desktop\作業中\rakugaki_cleaner_α\release\ranking.obj
c:\users\student\desktop\作業中\rakugaki_cleaner_α\release\press_logo.obj
c:\users\student\desktop\作業中\rakugaki_cleaner_α\release\tutorial.obj
c:\users\student\desktop\作業中\rakugaki_cleaner_α\release\title_logo.obj
c:\users\student\desktop\作業中\rakugaki_cleaner_α\release\title.obj
c:\users\student\desktop\作業中\rakugaki_cleaner_α\release\timer.obj
c:\users\student\desktop\作業中\rakugaki_cleaner_α\release\texture.obj
c:\users\student\desktop\作業中\rakugaki_cleaner_α\release\stage_select.obj
c:\users\student\desktop\作業中\rakugaki_cleaner_α\release\stage.obj
c:\users\student\desktop\作業中\rakugaki_cleaner_α\release\sound.obj
c:\users\student\desktop\作業中\rakugaki_cleaner_α\release\skillgauge.obj
c:\users\student\desktop\作業中\rakugaki_cleaner_α\release\shadows.obj
c:\users\student\desktop\作業中\rakugaki_cleaner_α\release\set_title.obj
c:\users\student\desktop\作業中\rakugaki_cleaner_α\release\set_stage_select.obj
c:\users\student\desktop\作業中\rakugaki_cleaner_α\release\set_mode_select.obj
c:\users\student\desktop\作業中\rakugaki_cleaner_α\release\set_model.obj
c:\users\student\desktop\作業中\rakugaki_cleaner_α\release\set_graffiti.obj
c:\users\student\desktop\作業中\rakugaki_cleaner_α\release\rakugaki_cleaner_α.exe
c:\users\student\desktop\作業中\rakugaki_cleaner_α\release\rakugaki_cleaner_α.pdb
c:\users\student\desktop\作業中\rakugaki_cleaner_α\release\rakugaki_cleaner_α.ipdb
c:\users\student\desktop\作業中\rakugaki_cleaner_α\release\rakugaki_cleaner_α.iobj
c:\users\student\desktop\作業中\rakugaki_cleaner_α\release\rakugaki.e2b78ce6.tlog\cl.command.1.tlog
c:\users\student\desktop\作業中\rakugaki_cleaner_α\release\rakugaki.e2b78ce6.tlog\cl.read.1.tlog
c:\users\student\desktop\作業中\rakugaki_cleaner_α\release\rakugaki.e2b78ce6.tlog\cl.write.1.tlog
c:\users\student\desktop\作業中\rakugaki_cleaner_α\release\rakugaki.e2b78ce6.tlog\link.command.1.tlog
c:\users\student\desktop\作業中\rakugaki_cleaner_α\release\rakugaki.e2b78ce6.tlog\link.read.1.tlog
c:\users\student\desktop\作業中\rakugaki_cleaner_α\release\rakugaki.e2b78ce6.tlog\link.write.1.tlog
