  boss.cpp
  bullet.cpp
  bulletmesh.cpp
  effect.cpp
  enemy.cpp
  game.cpp
  main.cpp
  manager.cpp
  mesh.cpp
  normalenemy.cpp
  particle.cpp
  player.cpp
  scene.cpp
  scene2D.cpp
  score.cpp
score.cpp(87): warning C4101: 'aNumber': ローカル変数は 1 度も使われていません。
  title.cpp
  tutorial.cpp
  コード生成しています。
  70 of 348 functions (20.1%) were compiled, the rest were copied from previous compilation.
    10 functions were new in current compilation
    31 functions had inline decision re-evaluated but remain unchanged
  コード生成が終了しました。
  fu_game00.vcxproj -> C:\Users\student\Desktop\fu-ta-Gamese\2DシューティングC++\fu_game00\fu_game00.exe
  fu_game00.vcxproj -> C:\Users\student\Desktop\fu-ta-Gamese\2DシューティングC++\fu_game00\fu_game00.pdb (Full PDB)
