c:\users\student\desktop\作業中\rakugaki_cleaner_α\debug\vc140.pdb
c:\users\student\desktop\作業中\rakugaki_cleaner_α\debug\vc140.idb
c:\users\student\desktop\作業中\rakugaki_cleaner_α\debug\scenebillboard.obj
c:\users\student\desktop\作業中\rakugaki_cleaner_α\debug\scenemeshfield.obj
c:\users\student\desktop\作業中\rakugaki_cleaner_α\debug\scenex.obj
c:\users\student\desktop\作業中\rakugaki_cleaner_α\debug\score.obj
c:\users\student\desktop\作業中\rakugaki_cleaner_α\debug\scoregauge.obj
c:\users\student\desktop\作業中\rakugaki_cleaner_α\debug\set_graffiti.obj
c:\users\student\desktop\作業中\rakugaki_cleaner_α\debug\set_model.obj
c:\users\student\desktop\作業中\rakugaki_cleaner_α\debug\set_mode_select.obj
c:\users\student\desktop\作業中\rakugaki_cleaner_α\debug\set_stage_select.obj
c:\users\student\desktop\作業中\rakugaki_cleaner_α\debug\set_title.obj
c:\users\student\desktop\作業中\rakugaki_cleaner_α\debug\shadows.obj
c:\users\student\desktop\作業中\rakugaki_cleaner_α\debug\skillgauge.obj
c:\users\student\desktop\作業中\rakugaki_cleaner_α\debug\sound.obj
c:\users\student\desktop\作業中\rakugaki_cleaner_α\debug\stage.obj
c:\users\student\desktop\作業中\rakugaki_cleaner_α\debug\stage_select.obj
c:\users\student\desktop\作業中\rakugaki_cleaner_α\debug\texture.obj
c:\users\student\desktop\作業中\rakugaki_cleaner_α\debug\timer.obj
c:\users\student\desktop\作業中\rakugaki_cleaner_α\debug\title.obj
c:\users\student\desktop\作業中\rakugaki_cleaner_α\debug\title_logo.obj
c:\users\student\desktop\作業中\rakugaki_cleaner_α\debug\tutorial.obj
c:\users\student\desktop\作業中\rakugaki_cleaner_α\debug\light.obj
c:\users\student\desktop\作業中\rakugaki_cleaner_α\debug\mode_logo.obj
c:\users\student\desktop\作業中\rakugaki_cleaner_α\debug\mode_select.obj
c:\users\student\desktop\作業中\rakugaki_cleaner_α\debug\mode_select_logo.obj
c:\users\student\desktop\作業中\rakugaki_cleaner_α\debug\player_marker.obj
c:\users\student\desktop\作業中\rakugaki_cleaner_α\debug\press_logo.obj
c:\users\student\desktop\作業中\rakugaki_cleaner_α\debug\ranking.obj
c:\users\student\desktop\作業中\rakugaki_cleaner_α\debug\set_game.obj
c:\users\student\desktop\作業中\rakugaki_cleaner_α\debug\main.obj
c:\users\student\desktop\作業中\rakugaki_cleaner_α\debug\manager.obj
c:\users\student\desktop\作業中\rakugaki_cleaner_α\debug\model.obj
c:\users\student\desktop\作業中\rakugaki_cleaner_α\debug\motion.obj
c:\users\student\desktop\作業中\rakugaki_cleaner_α\debug\number.obj
c:\users\student\desktop\作業中\rakugaki_cleaner_α\debug\pause.obj
c:\users\student\desktop\作業中\rakugaki_cleaner_α\debug\player.obj
c:\users\student\desktop\作業中\rakugaki_cleaner_α\debug\renderer.obj
c:\users\student\desktop\作業中\rakugaki_cleaner_α\debug\result.obj
c:\users\student\desktop\作業中\rakugaki_cleaner_α\debug\scene.obj
c:\users\student\desktop\作業中\rakugaki_cleaner_α\debug\scene2d.obj
c:\users\student\desktop\作業中\rakugaki_cleaner_α\debug\scene3d.obj
c:\users\student\desktop\作業中\rakugaki_cleaner_α\debug\base.obj
c:\users\student\desktop\作業中\rakugaki_cleaner_α\debug\bg.obj
c:\users\student\desktop\作業中\rakugaki_cleaner_α\debug\camera.obj
c:\users\student\desktop\作業中\rakugaki_cleaner_α\debug\countdown.obj
c:\users\student\desktop\作業中\rakugaki_cleaner_α\debug\debugproc.obj
c:\users\student\desktop\作業中\rakugaki_cleaner_α\debug\eraser.obj
c:\users\student\desktop\作業中\rakugaki_cleaner_α\debug\eraserdust.obj
c:\users\student\desktop\作業中\rakugaki_cleaner_α\debug\fade.obj
c:\users\student\desktop\作業中\rakugaki_cleaner_α\debug\floor.obj
c:\users\student\desktop\作業中\rakugaki_cleaner_α\debug\game.obj
c:\users\student\desktop\作業中\rakugaki_cleaner_α\debug\gauge.obj
c:\users\student\desktop\作業中\rakugaki_cleaner_α\debug\graffiti.obj
c:\users\student\desktop\作業中\rakugaki_cleaner_α\debug\input.obj
c:\users\student\desktop\作業中\rakugaki_cleaner_α\debug\input_joypad.obj
c:\users\student\desktop\作業中\rakugaki_cleaner_α\debug\input_keyboard.obj
c:\users\student\desktop\作業中\rakugaki_cleaner_α\debug\preparation_player.obj
c:\users\student\desktop\作業中\rakugaki_cleaner_α\debug\set_preparation_player.obj
c:\users\student\desktop\作業中\rakugaki_cleaner_α\debug\graffiti_manager.obj
c:\users\student\desktop\作業中\rakugaki_cleaner_α\debug\gauge_manager.obj
c:\users\student\desktop\作業中\rakugaki_cleaner_α\debug\load_player_data.obj
c:\users\student\desktop\作業中\rakugaki_cleaner_α\debug\keep_object.obj
c:\users\student\desktop\作業中\rakugaki_cleaner_α\debug\rakugaki_cleaner_α.ilk
c:\users\student\desktop\作業中\rakugaki_cleaner_α\debug\rakugaki_cleaner_α.exe
c:\users\student\desktop\作業中\rakugaki_cleaner_α\debug\rakugaki_cleaner_α.pdb
c:\users\student\desktop\作業中\rakugaki_cleaner_α\debug\gauge_manager.obj.enc
c:\users\student\desktop\作業中\rakugaki_cleaner_α\debug\player.obj.enc
c:\users\student\desktop\作業中\rakugaki_cleaner_α\debug\rakugaki.e2b78ce6.tlog\cl.command.1.tlog
c:\users\student\desktop\作業中\rakugaki_cleaner_α\debug\rakugaki.e2b78ce6.tlog\cl.read.1.tlog
c:\users\student\desktop\作業中\rakugaki_cleaner_α\debug\rakugaki.e2b78ce6.tlog\cl.write.1.tlog
c:\users\student\desktop\作業中\rakugaki_cleaner_α\debug\rakugaki.e2b78ce6.tlog\link.command.1.tlog
c:\users\student\desktop\作業中\rakugaki_cleaner_α\debug\rakugaki.e2b78ce6.tlog\link.read.1.tlog
c:\users\student\desktop\作業中\rakugaki_cleaner_α\debug\rakugaki.e2b78ce6.tlog\link.write.1.tlog
